Info: Starting: Create simulation model
Info: qsys-generate E:\Kolya\logic2\Spring2018_CMPN111\IP_Catalog\FFT.qsys --simulation=VHDL --allow-mixed-language-simulation --output-directory=E:\Kolya\logic2\Spring2018_CMPN111\IP_Catalog\FFT\simulation --family="Cyclone V" --part=5CEBA4F23C7
Progress: Loading IP_Catalog/FFT.qsys
Progress: Reading input file
Progress: Adding fft_ii_0 [altera_fft_ii 17.0]
Progress: Parameterizing module fft_ii_0
Progress: Building connections
Progress: Parameterizing connections
Progress: Validating
Progress: Done reading input file
Info: FFT.fft_ii_0: Radix-2 digit reverse implied
Info: FFT: Generating FFT "FFT" for SIM_VHDL
Info: fft_ii_0: --- add file: FFT_fft_ii_0_1n128cos.hex
Info: fft_ii_0: --- add file: FFT_fft_ii_0_2n128cos.hex
Info: fft_ii_0: --- add file: FFT_fft_ii_0_1n128sin.hex
Info: fft_ii_0: --- add file: FFT_fft_ii_0_2n128sin.hex
Info: fft_ii_0: --- add file: FFT_fft_ii_0_3n128cos.hex
Info: fft_ii_0: --- add file: FFT_fft_ii_0_3n128sin.hex
Info: fft_ii_0: "FFT" instantiated altera_fft_ii "fft_ii_0"
Info: FFT: Done "FFT" with 2 modules, 244 files
Info: qsys-generate succeeded.
Info: Finished: Create simulation model
Info: Starting: Create Modelsim Project.
Info: sim-script-gen --spd=E:\Kolya\logic2\Spring2018_CMPN111\IP_Catalog\FFT\FFT.spd --output-directory=E:/Kolya/logic2/Spring2018_CMPN111/IP_Catalog/FFT/simulation/ --use-relative-paths=true
Info: Doing: ip-make-simscript --spd=E:\Kolya\logic2\Spring2018_CMPN111\IP_Catalog\FFT\FFT.spd --output-directory=E:/Kolya/logic2/Spring2018_CMPN111/IP_Catalog/FFT/simulation/ --use-relative-paths=true
Info: Generating the following file(s) for MODELSIM simulator in E:/Kolya/logic2/Spring2018_CMPN111/IP_Catalog/FFT/simulation/ directory:
Info: 	mentor/msim_setup.tcl
Info: Skipping VCS script generation since VHDL file $QUARTUS_INSTALL_DIR/eda/sim_lib/altera_syn_attributes.vhd is required for simulation
Info: Generating the following file(s) for VCSMX simulator in E:/Kolya/logic2/Spring2018_CMPN111/IP_Catalog/FFT/simulation/ directory:
Info: 	synopsys/vcsmx/synopsys_sim.setup
Info: 	synopsys/vcsmx/vcsmx_setup.sh
Info: Generating the following file(s) for NCSIM simulator in E:/Kolya/logic2/Spring2018_CMPN111/IP_Catalog/FFT/simulation/ directory:
Info: 	cadence/cds.lib
Info: 	cadence/hdl.var
Info: 	cadence/ncsim_setup.sh
Info: 	1 .cds.lib files in cadence/cds_libs/ directory
Info: Generating the following file(s) for RIVIERA simulator in E:/Kolya/logic2/Spring2018_CMPN111/IP_Catalog/FFT/simulation/ directory:
Info: 	aldec/rivierapro_setup.tcl
Info: For information on how to simulate your IP, see the explanatory comments in the simulator-specific subdirectories under E:/Kolya/logic2/Spring2018_CMPN111/IP_Catalog/FFT/simulation/.
Info: Regenerate these scripts whenever you make any change to any Quartus-generated IP in your project.
Info: Finished: Create Modelsim Project.
Info: Starting: Create block symbol file (.bsf)
Info: qsys-generate E:\Kolya\logic2\Spring2018_CMPN111\IP_Catalog\FFT.qsys --block-symbol-file --output-directory=E:\Kolya\logic2\Spring2018_CMPN111\IP_Catalog\FFT --family="Cyclone V" --part=5CEBA4F23C7
Progress: Loading IP_Catalog/FFT.qsys
Progress: Reading input file
Progress: Adding fft_ii_0 [altera_fft_ii 17.0]
Progress: Parameterizing module fft_ii_0
Progress: Building connections
Progress: Parameterizing connections
Progress: Validating
Progress: Done reading input file
Info: FFT.fft_ii_0: Radix-2 digit reverse implied
Info: qsys-generate succeeded.
Info: Finished: Create block symbol file (.bsf)
Info: 
Info: Starting: Create HDL design files for synthesis
Info: qsys-generate E:\Kolya\logic2\Spring2018_CMPN111\IP_Catalog\FFT.qsys --synthesis=VHDL --output-directory=E:\Kolya\logic2\Spring2018_CMPN111\IP_Catalog\FFT\synthesis --family="Cyclone V" --part=5CEBA4F23C7
Progress: Loading IP_Catalog/FFT.qsys
Progress: Reading input file
Progress: Adding fft_ii_0 [altera_fft_ii 17.0]
Progress: Parameterizing module fft_ii_0
Progress: Building connections
Progress: Parameterizing connections
Progress: Validating
Progress: Done reading input file
Info: FFT.fft_ii_0: Radix-2 digit reverse implied
Info: FFT: Generating FFT "FFT" for QUARTUS_SYNTH
Info: fft_ii_0: --- add file: FFT_fft_ii_0_1n128cos.hex
Info: fft_ii_0: --- add file: FFT_fft_ii_0_2n128cos.hex
Info: fft_ii_0: --- add file: FFT_fft_ii_0_1n128sin.hex
Info: fft_ii_0: --- add file: FFT_fft_ii_0_2n128sin.hex
Info: fft_ii_0: --- add file: FFT_fft_ii_0_3n128cos.hex
Info: fft_ii_0: --- add file: FFT_fft_ii_0_3n128sin.hex
Info: fft_ii_0: "FFT" instantiated altera_fft_ii "fft_ii_0"
Info: FFT: Done "FFT" with 2 modules, 108 files
Info: qsys-generate succeeded.
Info: Finished: Create HDL design files for synthesis
